<testsuites id="" name="" tests="1" failures="0" skipped="0" errors="0" time="20.715293999999997">
<testsuite name="add_user_by_autonomus_installer_with_home_permission\add.user.by.autonomus.installer.with.home.permission.spec.ts" timestamp="2024-09-27T10:06:27.228Z" hostname="chromium" tests="1" failures="0" skipped="0" time="18.259" errors="0">
<testcase name="Hub Page tests › Add user by autonomus installer with Home permission" classname="add_user_by_autonomus_installer_with_home_permission\add.user.by.autonomus.installer.with.home.permission.spec.ts" time="18.259">
<properties>
<property name="test_id" value="https://app.clickup.com/t/8694amwf8">
</property>
</properties>
</testcase>
</testsuite>
</testsuites>